Línea 252: la clase MSAdodcLib.Adodc del control Adodc1 no era una clase de control cargada.
Línea 257: el nombre de la propiedad _ExtentX de Adodc1 no es válido.
Línea 258: el nombre de la propiedad _ExtentY de Adodc1 no es válido.
Línea 259: el nombre de la propiedad ConnectMode de Adodc1 no es válido.
Línea 260: el nombre de la propiedad CursorLocation de Adodc1 no es válido.
Línea 261: el nombre de la propiedad IsolationLevel de Adodc1 no es válido.
Línea 262: el nombre de la propiedad ConnectionTimeout de Adodc1 no es válido.
Línea 263: el nombre de la propiedad CommandTimeout de Adodc1 no es válido.
Línea 264: el nombre de la propiedad CursorType de Adodc1 no es válido.
Línea 265: el nombre de la propiedad LockType de Adodc1 no es válido.
Línea 266: el nombre de la propiedad CommandType de Adodc1 no es válido.
Línea 267: el nombre de la propiedad CursorOptions de Adodc1 no es válido.
Línea 268: el nombre de la propiedad CacheSize de Adodc1 no es válido.
Línea 269: el nombre de la propiedad MaxRecords de Adodc1 no es válido.
Línea 270: el nombre de la propiedad BOFAction de Adodc1 no es válido.
Línea 271: el nombre de la propiedad EOFAction de Adodc1 no es válido.
Línea 272: el nombre de la propiedad ConnectStringType de Adodc1 no es válido.
Línea 276: el nombre de la propiedad Orientation de Adodc1 no es válido.
Línea 278: el nombre de la propiedad Connect de Adodc1 no es válido.
Línea 279: el nombre de la propiedad OLEDBString de Adodc1 no es válido.
Línea 280: el nombre de la propiedad OLEDBFile de Adodc1 no es válido.
Línea 281: el nombre de la propiedad DataSourceName de Adodc1 no es válido.
Línea 282: el nombre de la propiedad OtherAttributes de Adodc1 no es válido.
Línea 283: el nombre de la propiedad UserName de Adodc1 no es válido.
Línea 284: el nombre de la propiedad Password de Adodc1 no es válido.
Línea 285: el nombre de la propiedad RecordSource de Adodc1 no es válido.
Línea 286: el nombre de la propiedad Caption de Adodc1 no es válido.
Línea 296: el nombre de la propiedad _Version de Adodc1 no es válido.
